  main.cpp
c:\users\brandon\documents\nyu\spring2018\introtogameprogramming\final project\nyucodebase\main.cpp(41): warning C4244: 'return': conversion from 'double' to 'float', possible loss of data
c:\users\brandon\documents\nyu\spring2018\introtogameprogramming\final project\nyucodebase\main.cpp(180): warning C4018: '<': signed/unsigned mismatch
c:\users\brandon\documents\nyu\spring2018\introtogameprogramming\final project\nyucodebase\main.cpp(181): warning C4018: '<': signed/unsigned mismatch
c:\users\brandon\documents\nyu\spring2018\introtogameprogramming\final project\nyucodebase\main.cpp(185): warning C4018: '<': signed/unsigned mismatch
c:\users\brandon\documents\nyu\spring2018\introtogameprogramming\final project\nyucodebase\main.cpp(186): warning C4018: '<': signed/unsigned mismatch
c:\users\brandon\documents\nyu\spring2018\introtogameprogramming\final project\nyucodebase\main.cpp(236): warning C4244: 'initializing': conversion from 'float' to 'int', possible loss of data
c:\users\brandon\documents\nyu\spring2018\introtogameprogramming\final project\nyucodebase\main.cpp(237): warning C4244: 'initializing': conversion from 'float' to 'int', possible loss of data
c:\users\brandon\documents\nyu\spring2018\introtogameprogramming\final project\nyucodebase\main.cpp(241): warning C4244: '=': conversion from 'int' to 'float', possible loss of data
c:\users\brandon\documents\nyu\spring2018\introtogameprogramming\final project\nyucodebase\main.cpp(380): warning C4018: '<': signed/unsigned mismatch
c:\users\brandon\documents\nyu\spring2018\introtogameprogramming\final project\nyucodebase\main.cpp(383): warning C4018: '<': signed/unsigned mismatch
c:\users\brandon\documents\nyu\spring2018\introtogameprogramming\final project\nyucodebase\main.cpp(401): warning C4244: 'argument': conversion from 'double' to 'float', possible loss of data
c:\users\brandon\documents\nyu\spring2018\introtogameprogramming\final project\nyucodebase\main.cpp(437): warning C4244: '+=': conversion from 'double' to 'float', possible loss of data
c:\users\brandon\documents\nyu\spring2018\introtogameprogramming\final project\nyucodebase\main.cpp(440): warning C4244: '+=': conversion from 'double' to 'float', possible loss of data
c:\users\brandon\documents\nyu\spring2018\introtogameprogramming\final project\nyucodebase\main.cpp(447): warning C4305: '+=': truncation from 'double' to 'float'
c:\users\brandon\documents\nyu\spring2018\introtogameprogramming\final project\nyucodebase\main.cpp(451): warning C4018: '<': signed/unsigned mismatch
c:\users\brandon\documents\nyu\spring2018\introtogameprogramming\final project\nyucodebase\main.cpp(470): warning C4244: 'initializing': conversion from 'double' to 'float', possible loss of data
c:\users\brandon\documents\nyu\spring2018\introtogameprogramming\final project\nyucodebase\main.cpp(471): warning C4244: 'initializing': conversion from 'double' to 'float', possible loss of data
c:\users\brandon\documents\nyu\spring2018\introtogameprogramming\final project\nyucodebase\main.cpp(477): warning C4305: '+=': truncation from 'double' to 'float'
c:\users\brandon\documents\nyu\spring2018\introtogameprogramming\final project\nyucodebase\main.cpp(488): warning C4018: '<': signed/unsigned mismatch
c:\users\brandon\documents\nyu\spring2018\introtogameprogramming\final project\nyucodebase\main.cpp(491): warning C4018: '<': signed/unsigned mismatch
c:\users\brandon\documents\nyu\spring2018\introtogameprogramming\final project\nyucodebase\main.cpp(495): warning C4244: 'initializing': conversion from 'double' to 'float', possible loss of data
c:\users\brandon\documents\nyu\spring2018\introtogameprogramming\final project\nyucodebase\main.cpp(496): warning C4244: 'initializing': conversion from 'double' to 'float', possible loss of data
c:\users\brandon\documents\nyu\spring2018\introtogameprogramming\final project\nyucodebase\main.cpp(540): warning C4244: '+=': conversion from 'double' to 'float', possible loss of data
c:\users\brandon\documents\nyu\spring2018\introtogameprogramming\final project\nyucodebase\main.cpp(541): warning C4244: '+=': conversion from 'double' to 'float', possible loss of data
c:\users\brandon\documents\nyu\spring2018\introtogameprogramming\final project\nyucodebase\main.cpp(543): warning C4018: '<': signed/unsigned mismatch
c:\users\brandon\documents\nyu\spring2018\introtogameprogramming\final project\nyucodebase\main.cpp(586): warning C4018: '<': signed/unsigned mismatch
c:\users\brandon\documents\nyu\spring2018\introtogameprogramming\final project\nyucodebase\main.cpp(624): warning C4018: '<': signed/unsigned mismatch
c:\users\brandon\documents\nyu\spring2018\introtogameprogramming\final project\nyucodebase\main.cpp(629): warning C4018: '<': signed/unsigned mismatch
c:\users\brandon\documents\nyu\spring2018\introtogameprogramming\final project\nyucodebase\main.cpp(723): warning C4244: 'initializing': conversion from 'double' to 'float', possible loss of data
c:\users\brandon\documents\nyu\spring2018\introtogameprogramming\final project\nyucodebase\main.cpp(724): warning C4244: 'initializing': conversion from 'double' to 'float', possible loss of data
c:\users\brandon\documents\nyu\spring2018\introtogameprogramming\final project\nyucodebase\main.cpp(739): warning C4244: 'initializing': conversion from 'double' to 'float', possible loss of data
c:\users\brandon\documents\nyu\spring2018\introtogameprogramming\final project\nyucodebase\main.cpp(740): warning C4244: 'initializing': conversion from 'double' to 'float', possible loss of data
c:\users\brandon\documents\nyu\spring2018\introtogameprogramming\final project\nyucodebase\main.cpp(772): warning C4018: '<': signed/unsigned mismatch
c:\users\brandon\documents\nyu\spring2018\introtogameprogramming\final project\nyucodebase\main.cpp(778): warning C4018: '<': signed/unsigned mismatch
c:\users\brandon\documents\nyu\spring2018\introtogameprogramming\final project\nyucodebase\main.cpp(786): warning C4244: 'initializing': conversion from 'double' to 'float', possible loss of data
c:\users\brandon\documents\nyu\spring2018\introtogameprogramming\final project\nyucodebase\main.cpp(787): warning C4244: 'initializing': conversion from 'double' to 'float', possible loss of data
c:\users\brandon\documents\nyu\spring2018\introtogameprogramming\final project\nyucodebase\main.cpp(820): warning C4018: '<': signed/unsigned mismatch
c:\users\brandon\documents\nyu\spring2018\introtogameprogramming\final project\nyucodebase\main.cpp(825): warning C4018: '<': signed/unsigned mismatch
c:\users\brandon\documents\nyu\spring2018\introtogameprogramming\final project\nyucodebase\main.cpp(906): warning C4244: 'initializing': conversion from 'double' to 'float', possible loss of data
c:\users\brandon\documents\nyu\spring2018\introtogameprogramming\final project\nyucodebase\main.cpp(907): warning C4244: 'initializing': conversion from 'double' to 'float', possible loss of data
c:\program files (x86)\microsoft visual studio\2017\community\vc\tools\msvc\14.12.25827\include\utility(233): warning C4244: 'initializing': conversion from 'int' to 'float', possible loss of data
  c:\users\brandon\documents\nyu\spring2018\introtogameprogramming\final project\nyucodebase\main.cpp(214): note: see reference to function template instantiation 'std::pair<float,float>::pair<int,int,0>(std::pair<int,int> &&) noexcept' being compiled
  c:\users\brandon\documents\nyu\spring2018\introtogameprogramming\final project\nyucodebase\main.cpp(214): note: see reference to function template instantiation 'std::pair<float,float>::pair<int,int,0>(std::pair<int,int> &&) noexcept' being compiled
c:\program files (x86)\microsoft visual studio\2017\community\vc\tools\msvc\14.12.25827\include\utility(234): warning C4244: 'initializing': conversion from 'int' to 'float', possible loss of data
c:\program files (x86)\microsoft visual studio\2017\community\vc\tools\msvc\14.12.25827\include\utility(234): warning C4244: 'initializing': conversion from 'double' to 'float', possible loss of data
c:\program files (x86)\microsoft visual studio\2017\community\vc\tools\msvc\14.12.25827\include\utility(233): warning C4244: 'initializing': conversion from 'double' to 'float', possible loss of data
  c:\users\brandon\documents\nyu\spring2018\introtogameprogramming\final project\nyucodebase\main.cpp(412): note: see reference to function template instantiation 'std::pair<float,float>::pair<double,double,0>(std::pair<double,double> &&) noexcept' being compiled
  c:\users\brandon\documents\nyu\spring2018\introtogameprogramming\final project\nyucodebase\main.cpp(412): note: see reference to function template instantiation 'std::pair<float,float>::pair<double,double,0>(std::pair<double,double> &&) noexcept' being compiled
  NYUCodebase.vcxproj -> C:\Users\Brandon\Documents\NYU\Spring2018\IntroToGameProgramming\Final Project\Debug\NYUCodebase.exe
